<?xml version="1.0" encoding="UTF-8"?>
<jwatchdog-config xmlns="urn:be:e-contract:jwatchdog:1.0"
	sleep="1">
	<datasource name="static">
		<static:static xmlns:static="urn:be:e-contract:jwatchdog:datasource:static:1.0">
			<static:value>1.0</static:value>
			<static:value>2.0</static:value>
			<static:value>3.0</static:value>
		</static:static>
	</datasource>
	<trigger description="Hello world" datasource="static"
		notifier="foobar">
		<condition>
			<above value="2.5" />
		</condition>
	</trigger>
</jwatchdog-config>
